3b1ecf50.573e617f12285bd1.js:3139 updating from  118 to  117
fk @ 3b1ecf50.573e617f12285bd1.js:3139
IN @ 3b1ecf50.573e617f12285bd1.js:8172
start @ 3b1ecf50.573e617f12285bd1.js:8174
load @ 3b1ecf50.573e617f12285bd1.js:8174
await in load
(anonymous) @ vendors-8cbd2506-e1795deecd540b8d.js:1
(anonymous) @ vendors-8cbd2506-e1795deecd540b8d.js:1
oq @ framework-b1e5f14688f9ffe6.js:1
iy @ framework-b1e5f14688f9ffe6.js:1
ig @ framework-b1e5f14688f9ffe6.js:1
iy @ framework-b1e5f14688f9ffe6.js:1
ig @ framework-b1e5f14688f9ffe6.js:1
iy @ framework-b1e5f14688f9ffe6.js:1
ig @ framework-b1e5f14688f9ffe6.js:1
iy @ framework-b1e5f14688f9ffe6.js:1
ig @ framework-b1e5f14688f9ffe6.js:1
iy @ framework-b1e5f14688f9ffe6.js:1
ig @ framework-b1e5f14688f9ffe6.js:1
iy @ framework-b1e5f14688f9ffe6.js:1
ig @ framework-b1e5f14688f9ffe6.js:1
iy @ framework-b1e5f14688f9ffe6.js:1
ig @ framework-b1e5f14688f9ffe6.js:1
iy @ framework-b1e5f14688f9ffe6.js:1
ig @ framework-b1e5f14688f9ffe6.js:1
iy @ framework-b1e5f14688f9ffe6.js:1
ig @ framework-b1e5f14688f9ffe6.js:1
iy @ framework-b1e5f14688f9ffe6.js:1
ig @ framework-b1e5f14688f9ffe6.js:1
iy @ framework-b1e5f14688f9ffe6.js:1
ig @ framework-b1e5f14688f9ffe6.js:1
iy @ framework-b1e5f14688f9ffe6.js:1
ig @ framework-b1e5f14688f9ffe6.js:1
iy @ framework-b1e5f14688f9ffe6.js:1
ig @ framework-b1e5f14688f9ffe6.js:1
iy @ framework-b1e5f14688f9ffe6.js:1
ig @ framework-b1e5f14688f9ffe6.js:1
iy @ framework-b1e5f14688f9ffe6.js:1
ig @ framework-b1e5f14688f9ffe6.js:1
iy @ framework-b1e5f14688f9ffe6.js:1
ig @ framework-b1e5f14688f9ffe6.js:1
iy @ framework-b1e5f14688f9ffe6.js:1
ig @ framework-b1e5f14688f9ffe6.js:1
iy @ framework-b1e5f14688f9ffe6.js:1
ig @ framework-b1e5f14688f9ffe6.js:1
iy @ framework-b1e5f14688f9ffe6.js:1
ig @ framework-b1e5f14688f9ffe6.js:1
iy @ framework-b1e5f14688f9ffe6.js:1
ig @ framework-b1e5f14688f9ffe6.js:1
iy @ framework-b1e5f14688f9ffe6.js:1
ig @ framework-b1e5f14688f9ffe6.js:1
iy @ framework-b1e5f14688f9ffe6.js:1
ig @ framework-b1e5f14688f9ffe6.js:1
iy @ framework-b1e5f14688f9ffe6.js:1
uw @ framework-b1e5f14688f9ffe6.js:1
uk @ framework-b1e5f14688f9ffe6.js:1
uv @ framework-b1e5f14688f9ffe6.js:1
uh @ framework-b1e5f14688f9ffe6.js:1
ue @ framework-b1e5f14688f9ffe6.js:1
i7 @ framework-b1e5f14688f9ffe6.js:1
uH @ framework-b1e5f14688f9ffe6.js:1
uF @ framework-b1e5f14688f9ffe6.js:1
uw @ framework-b1e5f14688f9ffe6.js:1
(anonymous) @ framework-b1e5f14688f9ffe6.js:1
N @ framework-b1e5f14688f9ffe6.js:1
3b1ecf50.573e617f12285bd1.js:8174 Your .splinecode file is more recent than the library. Please upgrade @splinetool/runtime to the latest version.
start @ 3b1ecf50.573e617f12285bd1.js:8174
await in start
load @ 3b1ecf50.573e617f12285bd1.js:8174
await in load
(anonymous) @ vendors-8cbd2506-e1795deecd540b8d.js:1
(anonymous) @ vendors-8cbd2506-e1795deecd540b8d.js:1
oq @ framework-b1e5f14688f9ffe6.js:1
iy @ framework-b1e5f14688f9ffe6.js:1
ig @ framework-b1e5f14688f9ffe6.js:1
iy @ framework-b1e5f14688f9ffe6.js:1
ig @ framework-b1e5f14688f9ffe6.js:1
iy @ framework-b1e5f14688f9ffe6.js:1
ig @ framework-b1e5f14688f9ffe6.js:1
iy @ framework-b1e5f14688f9ffe6.js:1
ig @ framework-b1e5f14688f9ffe6.js:1
iy @ framework-b1e5f14688f9ffe6.js:1
ig @ framework-b1e5f14688f9ffe6.js:1
iy @ framework-b1e5f14688f9ffe6.js:1
ig @ framework-b1e5f14688f9ffe6.js:1
iy @ framework-b1e5f14688f9ffe6.js:1
ig @ framework-b1e5f14688f9ffe6.js:1
iy @ framework-b1e5f14688f9ffe6.js:1
ig @ framework-b1e5f14688f9ffe6.js:1
iy @ framework-b1e5f14688f9ffe6.js:1
ig @ framework-b1e5f14688f9ffe6.js:1
iy @ framework-b1e5f14688f9ffe6.js:1
ig @ framework-b1e5f14688f9ffe6.js:1
iy @ framework-b1e5f14688f9ffe6.js:1
ig @ framework-b1e5f14688f9ffe6.js:1
iy @ framework-b1e5f14688f9ffe6.js:1
ig @ framework-b1e5f14688f9ffe6.js:1
iy @ framework-b1e5f14688f9ffe6.js:1
ig @ framework-b1e5f14688f9ffe6.js:1
iy @ framework-b1e5f14688f9ffe6.js:1
ig @ framework-b1e5f14688f9ffe6.js:1
iy @ framework-b1e5f14688f9ffe6.js:1
ig @ framework-b1e5f14688f9ffe6.js:1
iy @ framework-b1e5f14688f9ffe6.js:1
ig @ framework-b1e5f14688f9ffe6.js:1
iy @ framework-b1e5f14688f9ffe6.js:1
ig @ framework-b1e5f14688f9ffe6.js:1
iy @ framework-b1e5f14688f9ffe6.js:1
ig @ framework-b1e5f14688f9ffe6.js:1
iy @ framework-b1e5f14688f9ffe6.js:1
ig @ framework-b1e5f14688f9ffe6.js:1
iy @ framework-b1e5f14688f9ffe6.js:1
ig @ framework-b1e5f14688f9ffe6.js:1
iy @ framework-b1e5f14688f9ffe6.js:1
ig @ framework-b1e5f14688f9ffe6.js:1
iy @ framework-b1e5f14688f9ffe6.js:1
ig @ framework-b1e5f14688f9ffe6.js:1
iy @ framework-b1e5f14688f9ffe6.js:1
uw @ framework-b1e5f14688f9ffe6.js:1
uk @ framework-b1e5f14688f9ffe6.js:1
uv @ framework-b1e5f14688f9ffe6.js:1
uh @ framework-b1e5f14688f9ffe6.js:1
ue @ framework-b1e5f14688f9ffe6.js:1
i7 @ framework-b1e5f14688f9ffe6.js:1
uH @ framework-b1e5f14688f9ffe6.js:1
uF @ framework-b1e5f14688f9ffe6.js:1
uw @ framework-b1e5f14688f9ffe6.js:1
(anonymous) @ framework-b1e5f14688f9ffe6.js:1
N @ framework-b1e5f14688f9ffe6.js:1
3b1ecf50.573e617f12285bd1.js:3139 updating from  118 to  117
fk @ 3b1ecf50.573e617f12285bd1.js:3139
IN @ 3b1ecf50.573e617f12285bd1.js:8172
start @ 3b1ecf50.573e617f12285bd1.js:8174
load @ 3b1ecf50.573e617f12285bd1.js:8174
await in load
(anonymous) @ vendors-8cbd2506-e1795deecd540b8d.js:1
(anonymous) @ vendors-8cbd2506-e1795deecd540b8d.js:1
oq @ framework-b1e5f14688f9ffe6.js:1
iy @ framework-b1e5f14688f9ffe6.js:1
ig @ framework-b1e5f14688f9ffe6.js:1
iy @ framework-b1e5f14688f9ffe6.js:1
ig @ framework-b1e5f14688f9ffe6.js:1
iy @ framework-b1e5f14688f9ffe6.js:1
ig @ framework-b1e5f14688f9ffe6.js:1
iy @ framework-b1e5f14688f9ffe6.js:1
ig @ framework-b1e5f14688f9ffe6.js:1
iy @ framework-b1e5f14688f9ffe6.js:1
ig @ framework-b1e5f14688f9ffe6.js:1
iy @ framework-b1e5f14688f9ffe6.js:1
ig @ framework-b1e5f14688f9ffe6.js:1
iy @ framework-b1e5f14688f9ffe6.js:1
ig @ framework-b1e5f14688f9ffe6.js:1
iy @ framework-b1e5f14688f9ffe6.js:1
ig @ framework-b1e5f14688f9ffe6.js:1
iy @ framework-b1e5f14688f9ffe6.js:1
ig @ framework-b1e5f14688f9ffe6.js:1
iy @ framework-b1e5f14688f9ffe6.js:1
ig @ framework-b1e5f14688f9ffe6.js:1
iy @ framework-b1e5f14688f9ffe6.js:1
ig @ framework-b1e5f14688f9ffe6.js:1
iy @ framework-b1e5f14688f9ffe6.js:1
ig @ framework-b1e5f14688f9ffe6.js:1
iy @ framework-b1e5f14688f9ffe6.js:1
ig @ framework-b1e5f14688f9ffe6.js:1
iy @ framework-b1e5f14688f9ffe6.js:1
ig @ framework-b1e5f14688f9ffe6.js:1
iy @ framework-b1e5f14688f9ffe6.js:1
ig @ framework-b1e5f14688f9ffe6.js:1
iy @ framework-b1e5f14688f9ffe6.js:1
ig @ framework-b1e5f14688f9ffe6.js:1
iy @ framework-b1e5f14688f9ffe6.js:1
ig @ framework-b1e5f14688f9ffe6.js:1
iy @ framework-b1e5f14688f9ffe6.js:1
ig @ framework-b1e5f14688f9ffe6.js:1
iy @ framework-b1e5f14688f9ffe6.js:1
ig @ framework-b1e5f14688f9ffe6.js:1
iy @ framework-b1e5f14688f9ffe6.js:1
ig @ framework-b1e5f14688f9ffe6.js:1
iy @ framework-b1e5f14688f9ffe6.js:1
ig @ framework-b1e5f14688f9ffe6.js:1
iy @ framework-b1e5f14688f9ffe6.js:1
ig @ framework-b1e5f14688f9ffe6.js:1
iy @ framework-b1e5f14688f9ffe6.js:1
uw @ framework-b1e5f14688f9ffe6.js:1
(anonymous) @ framework-b1e5f14688f9ffe6.js:1
N @ framework-b1e5f14688f9ffe6.js:1
3b1ecf50.573e617f12285bd1.js:8174 Your .splinecode file is more recent than the library. Please upgrade @splinetool/runtime to the latest version.
start @ 3b1ecf50.573e617f12285bd1.js:8174
await in start
load @ 3b1ecf50.573e617f12285bd1.js:8174
await in load
(anonymous) @ vendors-8cbd2506-e1795deecd540b8d.js:1
(anonymous) @ vendors-8cbd2506-e1795deecd540b8d.js:1
oq @ framework-b1e5f14688f9ffe6.js:1
iy @ framework-b1e5f14688f9ffe6.js:1
ig @ framework-b1e5f14688f9ffe6.js:1
iy @ framework-b1e5f14688f9ffe6.js:1
ig @ framework-b1e5f14688f9ffe6.js:1
iy @ framework-b1e5f14688f9ffe6.js:1
ig @ framework-b1e5f14688f9ffe6.js:1
iy @ framework-b1e5f14688f9ffe6.js:1
ig @ framework-b1e5f14688f9ffe6.js:1
iy @ framework-b1e5f14688f9ffe6.js:1
ig @ framework-b1e5f14688f9ffe6.js:1
iy @ framework-b1e5f14688f9ffe6.js:1
ig @ framework-b1e5f14688f9ffe6.js:1
iy @ framework-b1e5f14688f9ffe6.js:1
ig @ framework-b1e5f14688f9ffe6.js:1
iy @ framework-b1e5f14688f9ffe6.js:1
ig @ framework-b1e5f14688f9ffe6.js:1
iy @ framework-b1e5f14688f9ffe6.js:1
ig @ framework-b1e5f14688f9ffe6.js:1
iy @ framework-b1e5f14688f9ffe6.js:1
ig @ framework-b1e5f14688f9ffe6.js:1
iy @ framework-b1e5f14688f9ffe6.js:1
ig @ framework-b1e5f14688f9ffe6.js:1
iy @ framework-b1e5f14688f9ffe6.js:1
ig @ framework-b1e5f14688f9ffe6.js:1
iy @ framework-b1e5f14688f9ffe6.js:1
ig @ framework-b1e5f14688f9ffe6.js:1
iy @ framework-b1e5f14688f9ffe6.js:1
ig @ framework-b1e5f14688f9ffe6.js:1
iy @ framework-b1e5f14688f9ffe6.js:1
ig @ framework-b1e5f14688f9ffe6.js:1
iy @ framework-b1e5f14688f9ffe6.js:1
ig @ framework-b1e5f14688f9ffe6.js:1
iy @ framework-b1e5f14688f9ffe6.js:1
ig @ framework-b1e5f14688f9ffe6.js:1
iy @ framework-b1e5f14688f9ffe6.js:1
ig @ framework-b1e5f14688f9ffe6.js:1
iy @ framework-b1e5f14688f9ffe6.js:1
ig @ framework-b1e5f14688f9ffe6.js:1
iy @ framework-b1e5f14688f9ffe6.js:1
ig @ framework-b1e5f14688f9ffe6.js:1
iy @ framework-b1e5f14688f9ffe6.js:1
ig @ framework-b1e5f14688f9ffe6.js:1
iy @ framework-b1e5f14688f9ffe6.js:1
ig @ framework-b1e5f14688f9ffe6.js:1
iy @ framework-b1e5f14688f9ffe6.js:1
uw @ framework-b1e5f14688f9ffe6.js:1
(anonymous) @ framework-b1e5f14688f9ffe6.js:1
N @ framework-b1e5f14688f9ffe6.js:1
vendors-0582c947-3e51698e88e52341.js:21  GET https://psoratezdlzozsdjqhqz.supabase.co/rest/v1/chats?select=id%2Ctitle%2Cis_closed%2Cis_active%2Chas_image%2Cimage_url%2Cimage_name%2Ccreated_at%2Cupdated_at%2Cmessages%28id%2Crole%2Ccontent%2Ctimestamp%2Ccreated_at%29%2Cchat_images%28id%2Cimage_url%2Cimage_name%2Cfile_size%2Cmime_type%2Cupload_order%2Ccreated_at%29&id=eq.chat_1761414889609_jivebkikk&user_id=eq.b7105f2c-ba60-4ae6-8b4f-7f51b283a123 400 (Bad Request)
(anonymous) @ vendors-0582c947-3e51698e88e52341.js:21
(anonymous) @ vendors-0582c947-3e51698e88e52341.js:21
a @ vendors-0582c947-3e51698e88e52341.js:21
Promise.then
h @ vendors-0582c947-3e51698e88e52341.js:21
a @ vendors-0582c947-3e51698e88e52341.js:21
(anonymous) @ vendors-0582c947-3e51698e88e52341.js:21
(anonymous) @ vendors-0582c947-3e51698e88e52341.js:21
then @ vendors-0582c947-3e51698e88e52341.js:1
904-c17b01ad33c2d72b.js:1 Error fetching chat: {code: '22P02', details: null, hint: null, message: 'invalid input syntax for type uuid: "chat_1761414889609_jivebkikk"'}
getChat @ 904-c17b01ad33c2d72b.js:1
await in getChat
(anonymous) @ startmenu-3dbec09ca531af13.js:1
(anonymous) @ startmenu-3dbec09ca531af13.js:1
oq @ framework-b1e5f14688f9ffe6.js:1
iy @ framework-b1e5f14688f9ffe6.js:1
ig @ framework-b1e5f14688f9ffe6.js:1
iy @ framework-b1e5f14688f9ffe6.js:1
ig @ framework-b1e5f14688f9ffe6.js:1
iy @ framework-b1e5f14688f9ffe6.js:1
ig @ framework-b1e5f14688f9ffe6.js:1
iy @ framework-b1e5f14688f9ffe6.js:1
ig @ framework-b1e5f14688f9ffe6.js:1
iy @ framework-b1e5f14688f9ffe6.js:1
ig @ framework-b1e5f14688f9ffe6.js:1
iy @ framework-b1e5f14688f9ffe6.js:1
ig @ framework-b1e5f14688f9ffe6.js:1
iy @ framework-b1e5f14688f9ffe6.js:1
ig @ framework-b1e5f14688f9ffe6.js:1
iy @ framework-b1e5f14688f9ffe6.js:1
ig @ framework-b1e5f14688f9ffe6.js:1
iy @ framework-b1e5f14688f9ffe6.js:1
ig @ framework-b1e5f14688f9ffe6.js:1
iy @ framework-b1e5f14688f9ffe6.js:1
ig @ framework-b1e5f14688f9ffe6.js:1
iy @ framework-b1e5f14688f9ffe6.js:1
ig @ framework-b1e5f14688f9ffe6.js:1
iy @ framework-b1e5f14688f9ffe6.js:1
ig @ framework-b1e5f14688f9ffe6.js:1
iy @ framework-b1e5f14688f9ffe6.js:1
ig @ framework-b1e5f14688f9ffe6.js:1
iy @ framework-b1e5f14688f9ffe6.js:1
ig @ framework-b1e5f14688f9ffe6.js:1
iy @ framework-b1e5f14688f9ffe6.js:1
ig @ framework-b1e5f14688f9ffe6.js:1
iy @ framework-b1e5f14688f9ffe6.js:1
uw @ framework-b1e5f14688f9ffe6.js:1
(anonymous) @ framework-b1e5f14688f9ffe6.js:1
N @ framework-b1e5f14688f9ffe6.js:1
vendors-0582c947-3e51698e88e52341.js:21  GET https://psoratezdlzozsdjqhqz.supabase.co/rest/v1/chats?select=id%2Ctitle%2Cis_closed%2Cis_active%2Chas_image%2Cimage_url%2Cimage_name%2Ccreated_at%2Cupdated_at%2Cmessages%28id%2Crole%2Ccontent%2Ctimestamp%2Ccreated_at%29%2Cchat_images%28id%2Cimage_url%2Cimage_name%2Cfile_size%2Cmime_type%2Cupload_order%2Ccreated_at%29&id=eq.chat_1761414903045_p1ebhx5lg&user_id=eq.b7105f2c-ba60-4ae6-8b4f-7f51b283a123 400 (Bad Request)
(anonymous) @ vendors-0582c947-3e51698e88e52341.js:21
(anonymous) @ vendors-0582c947-3e51698e88e52341.js:21
a @ vendors-0582c947-3e51698e88e52341.js:21
Promise.then
h @ vendors-0582c947-3e51698e88e52341.js:21
a @ vendors-0582c947-3e51698e88e52341.js:21
(anonymous) @ vendors-0582c947-3e51698e88e52341.js:21
(anonymous) @ vendors-0582c947-3e51698e88e52341.js:21
then @ vendors-0582c947-3e51698e88e52341.js:1
904-c17b01ad33c2d72b.js:1 Error fetching chat: {code: '22P02', details: null, hint: null, message: 'invalid input syntax for type uuid: "chat_1761414903045_p1ebhx5lg"'}
getChat @ 904-c17b01ad33c2d72b.js:1
await in getChat
(anonymous) @ startmenu-3dbec09ca531af13.js:1
(anonymous) @ startmenu-3dbec09ca531af13.js:1
oq @ framework-b1e5f14688f9ffe6.js:1
iy @ framework-b1e5f14688f9ffe6.js:1
ig @ framework-b1e5f14688f9ffe6.js:1
iy @ framework-b1e5f14688f9ffe6.js:1
ig @ framework-b1e5f14688f9ffe6.js:1
iy @ framework-b1e5f14688f9ffe6.js:1
ig @ framework-b1e5f14688f9ffe6.js:1
iy @ framework-b1e5f14688f9ffe6.js:1
ig @ framework-b1e5f14688f9ffe6.js:1
iy @ framework-b1e5f14688f9ffe6.js:1
ig @ framework-b1e5f14688f9ffe6.js:1
iy @ framework-b1e5f14688f9ffe6.js:1
ig @ framework-b1e5f14688f9ffe6.js:1
iy @ framework-b1e5f14688f9ffe6.js:1
ig @ framework-b1e5f14688f9ffe6.js:1
iy @ framework-b1e5f14688f9ffe6.js:1
ig @ framework-b1e5f14688f9ffe6.js:1
iy @ framework-b1e5f14688f9ffe6.js:1
ig @ framework-b1e5f14688f9ffe6.js:1
iy @ framework-b1e5f14688f9ffe6.js:1
ig @ framework-b1e5f14688f9ffe6.js:1
iy @ framework-b1e5f14688f9ffe6.js:1
ig @ framework-b1e5f14688f9ffe6.js:1
iy @ framework-b1e5f14688f9ffe6.js:1
ig @ framework-b1e5f14688f9ffe6.js:1
iy @ framework-b1e5f14688f9ffe6.js:1
ig @ framework-b1e5f14688f9ffe6.js:1
iy @ framework-b1e5f14688f9ffe6.js:1
ig @ framework-b1e5f14688f9ffe6.js:1
iy @ framework-b1e5f14688f9ffe6.js:1
ig @ framework-b1e5f14688f9ffe6.js:1
iy @ framework-b1e5f14688f9ffe6.js:1
uw @ framework-b1e5f14688f9ffe6.js:1
(anonymous) @ framework-b1e5f14688f9ffe6.js:1
N @ framework-b1e5f14688f9ffe6.js:1
startmenu-3dbec09ca531af13.js:1 New chat created: chat_1761414968368_73ulla2i9
startmenu-3dbec09ca531af13.js:1  POST https://sean22123-backend.hf.space/stt/transcribe-blob 404 (Not Found)
el @ startmenu-3dbec09ca531af13.js:1
a.onstop @ startmenu-3dbec09ca531af13.js:1
startmenu-3dbec09ca531af13.js:1 Transcription error: Error: STT API request failed: 404
    at el (startmenu-3dbec09ca531af13.js:1:5711)
    at async a.onstop (startmenu-3dbec09ca531af13.js:1:5379)
el @ startmenu-3dbec09ca531af13.js:1
await in el
a.onstop @ startmenu-3dbec09ca531af13.js:1
